c:\users\administrator\desktop\crazybird\aypro\x64\release\vc143.pdb
c:\users\administrator\desktop\crazybird\aypro\x64\release\scenemanager.obj
c:\users\administrator\desktop\crazybird\aypro\x64\release\resourcemanager.obj
c:\users\administrator\desktop\crazybird\aypro\x64\release\player.obj
c:\users\administrator\desktop\crazybird\aypro\x64\release\pet.obj
c:\users\administrator\desktop\crazybird\aypro\x64\release\main.obj
c:\users\administrator\desktop\crazybird\aypro\x64\release\game.obj
c:\users\administrator\desktop\crazybird\aypro\x64\release\boss.obj
c:\users\administrator\desktop\crazybird\aypro\x64\release\background.obj
c:\users\administrator\desktop\crazybird\x64\release\aypro.exe
c:\users\administrator\desktop\crazybird\x64\release\aypro.pdb
c:\users\administrator\desktop\crazybird\aypro\x64\release\aypro.ipdb
c:\users\administrator\desktop\crazybird\aypro\x64\release\aypro.iobj
c:\users\administrator\desktop\crazybird\aypro\x64\release\aypro.tlog\cl.command.1.tlog
c:\users\administrator\desktop\crazybird\aypro\x64\release\aypro.tlog\cl.items.tlog
c:\users\administrator\desktop\crazybird\aypro\x64\release\aypro.tlog\cl.read.1.tlog
c:\users\administrator\desktop\crazybird\aypro\x64\release\aypro.tlog\cl.write.1.tlog
c:\users\administrator\desktop\crazybird\aypro\x64\release\aypro.tlog\link.command.1.tlog
c:\users\administrator\desktop\crazybird\aypro\x64\release\aypro.tlog\link.read.1.tlog
c:\users\administrator\desktop\crazybird\aypro\x64\release\aypro.tlog\link.secondary.1.tlog
c:\users\administrator\desktop\crazybird\aypro\x64\release\aypro.tlog\link.write.1.tlog
