c:\users\administrator\desktop\crazybird\aypro\x64\debug\vc143.pdb
c:\users\administrator\desktop\crazybird\aypro\x64\debug\vc143.idb
c:\users\administrator\desktop\crazybird\aypro\x64\debug\scenemanager.obj
c:\users\administrator\desktop\crazybird\aypro\x64\debug\resourcemanager.obj
c:\users\administrator\desktop\crazybird\aypro\x64\debug\player.obj
c:\users\administrator\desktop\crazybird\aypro\x64\debug\pet.obj
c:\users\administrator\desktop\crazybird\aypro\x64\debug\main.obj
c:\users\administrator\desktop\crazybird\aypro\x64\debug\game.obj
c:\users\administrator\desktop\crazybird\aypro\x64\debug\boss.obj
c:\users\administrator\desktop\crazybird\aypro\x64\debug\background.obj
c:\users\administrator\desktop\crazybird\aypro\x64\debug\aypro.ilk
c:\users\administrator\desktop\crazybird\x64\debug\aypro.pdb
c:\users\administrator\desktop\crazybird\aypro\x64\debug\aypro.tlog\cl.command.1.tlog
c:\users\administrator\desktop\crazybird\aypro\x64\debug\aypro.tlog\cl.items.tlog
c:\users\administrator\desktop\crazybird\aypro\x64\debug\aypro.tlog\cl.read.1.tlog
c:\users\administrator\desktop\crazybird\aypro\x64\debug\aypro.tlog\cl.write.1.tlog
c:\users\administrator\desktop\crazybird\aypro\x64\debug\aypro.tlog\link.22428-cvtres.read.1.tlog
c:\users\administrator\desktop\crazybird\aypro\x64\debug\aypro.tlog\link.22428-cvtres.write.1.tlog
c:\users\administrator\desktop\crazybird\aypro\x64\debug\aypro.tlog\link.22428-rc.read.1.tlog
c:\users\administrator\desktop\crazybird\aypro\x64\debug\aypro.tlog\link.22428-rc.write.1.tlog
c:\users\administrator\desktop\crazybird\aypro\x64\debug\aypro.tlog\link.22428.read.1.tlog
c:\users\administrator\desktop\crazybird\aypro\x64\debug\aypro.tlog\link.22428.read.2.tlog
c:\users\administrator\desktop\crazybird\aypro\x64\debug\aypro.tlog\link.22428.write.1.tlog
c:\users\administrator\desktop\crazybird\aypro\x64\debug\aypro.tlog\link.command.1.tlog
c:\users\administrator\desktop\crazybird\aypro\x64\debug\aypro.tlog\link.read.1.tlog
c:\users\administrator\desktop\crazybird\aypro\x64\debug\aypro.tlog\link.secondary.1.tlog
c:\users\administrator\desktop\crazybird\aypro\x64\debug\aypro.tlog\link.write.1.tlog
